{"level":"error","message":"","timestamp":"2017-06-10T12:07:49.011Z"}
{"message":"error writing points to influx","stack":"Error: error writing points to influx\n    at insertInflux (D:\\gDrive\\_prog\\git\\express_boiterplate\\api\\libs\\importCore.js:85:16)\n    at process._tickCallback (internal/process/next_tick.js:109:7)","level":"error","timestamp":"2017-06-10T12:20:00.633Z"}
{"level":"info","message":"Importer Brazil cron ON","timestamp":"2017-06-10T13:24:53.806Z"}
{"level":"info","message":"Importer Brazil cron ON","timestamp":"2017-06-10T13:28:58.988Z"}
{"level":"info","message":"Importer Brazil cron ON","timestamp":"2017-06-10T13:29:57.124Z"}
{"level":"info","message":"Importer Brazil cron ON","timestamp":"2017-06-10T13:30:30.622Z"}
{"level":"info","message":"Importer Brazil cron ON","timestamp":"2017-06-10T13:33:35.579Z"}
{"level":"info","message":"IMPORTER: realtime job","timestamp":"2017-06-10T13:35:00.010Z"}
{"level":"info","message":"IMPORTER: realtime job","timestamp":"2017-06-10T13:40:00.009Z"}
{"level":"info","message":"Importer Brazil cron ON","timestamp":"2017-06-10T13:40:13.184Z"}
{"level":"info","message":"IMPORTER: realtime job","timestamp":"2017-06-10T13:45:00.009Z"}
{"level":"info","message":"IMPORTER: realtime job","timestamp":"2017-06-10T13:50:00.005Z"}
{"level":"info","message":"IMPORTER: realtime job","timestamp":"2017-06-10T13:55:00.004Z"}
{"level":"info","message":"IMPORTER: realtime job","timestamp":"2017-06-10T14:00:00.002Z"}
{"level":"info","message":"IMPORTER: realtime job","timestamp":"2017-06-10T14:05:00.003Z"}
{"level":"info","message":"IMPORTER: realtime job","timestamp":"2017-06-10T14:10:00.012Z"}
{"level":"info","message":"IMPORTER: realtime job","timestamp":"2017-06-10T14:15:00.008Z"}
{"level":"info","message":"IMPORTER: realtime job","timestamp":"2017-06-10T14:20:00.005Z"}
{"level":"info","message":"IMPORTER: realtime job","timestamp":"2017-06-10T14:25:00.003Z"}
{"level":"info","message":"IMPORTER: realtime job","timestamp":"2017-06-10T14:30:00.005Z"}
{"level":"info","message":"IMPORTER: realtime job","timestamp":"2017-06-10T14:35:00.002Z"}
{"level":"info","message":"IMPORTER: realtime job","timestamp":"2017-06-10T14:40:00.002Z"}
{"level":"info","message":"IMPORTER: realtime job","timestamp":"2017-06-10T14:45:00.003Z"}
{"level":"info","message":"IMPORTER: realtime job","timestamp":"2017-06-10T14:50:00.005Z"}
{"level":"info","message":"IMPORTER: realtime job","timestamp":"2017-06-10T14:55:00.002Z"}
{"level":"info","message":"IMPORTER: realtime job","timestamp":"2017-06-10T15:00:00.001Z"}
{"level":"info","message":"IMPORTER: realtime job","timestamp":"2017-06-10T15:05:00.001Z"}
{"level":"info","message":"IMPORTER: realtime job","timestamp":"2017-06-10T15:10:00.003Z"}
{"level":"info","message":"IMPORTER: realtime job","timestamp":"2017-06-10T15:15:00.003Z"}
{"level":"info","message":"IMPORTER: realtime job","timestamp":"2017-06-10T15:20:00.006Z"}
{"level":"info","message":"IMPORTER: realtime job","timestamp":"2017-06-10T15:25:00.006Z"}
{"level":"info","message":"IMPORTER: realtime job","timestamp":"2017-06-10T15:30:00.005Z"}
{"level":"info","message":"IMPORTER: realtime job","timestamp":"2017-06-10T15:35:00.003Z"}
{"level":"info","message":"IMPORTER: realtime job","timestamp":"2017-06-10T15:40:00.003Z"}
{"level":"info","message":"IMPORTER: realtime job","timestamp":"2017-06-10T15:45:00.006Z"}
{"level":"info","message":"IMPORTER: realtime job","timestamp":"2017-06-10T15:50:00.004Z"}
{"level":"info","message":"IMPORTER: realtime job","timestamp":"2017-06-10T15:55:00.002Z"}
{"level":"info","message":"IMPORTER: realtime job","timestamp":"2017-06-10T16:00:00.002Z"}
{"level":"info","message":"IMPORTER: realtime job","timestamp":"2017-06-10T16:05:00.002Z"}
{"level":"info","message":"IMPORTER: realtime job","timestamp":"2017-06-10T16:10:00.002Z"}
{"level":"info","message":"IMPORTER: realtime job","timestamp":"2017-06-10T16:15:00.001Z"}
{"level":"info","message":"IMPORTER: realtime job","timestamp":"2017-06-10T16:20:00.002Z"}
{"level":"info","message":"IMPORTER: realtime job","timestamp":"2017-06-10T16:25:00.002Z"}
{"level":"info","message":"IMPORTER: realtime job","timestamp":"2017-06-10T16:30:00.002Z"}
{"level":"info","message":"IMPORTER: realtime job","timestamp":"2017-06-10T16:35:00.005Z"}
{"level":"info","message":"IMPORTER: realtime job","timestamp":"2017-06-10T16:40:00.001Z"}
{"level":"info","message":"IMPORTER: realtime job","timestamp":"2017-06-10T16:45:00.003Z"}
{"level":"info","message":"IMPORTER: realtime job","timestamp":"2017-06-10T16:50:00.003Z"}
{"level":"info","message":"IMPORTER: realtime job","timestamp":"2017-06-10T16:55:00.004Z"}
{"level":"info","message":"IMPORTER: realtime job","timestamp":"2017-06-10T17:00:00.005Z"}
{"level":"info","message":"IMPORTER: realtime job","timestamp":"2017-06-10T17:05:00.006Z"}
{"level":"info","message":"IMPORTER: realtime job","timestamp":"2017-06-10T17:10:00.003Z"}
{"level":"info","message":"IMPORTER: realtime job","timestamp":"2017-06-10T17:15:00.003Z"}
{"level":"info","message":"IMPORTER: realtime job","timestamp":"2017-06-10T17:20:00.003Z"}
{"level":"info","message":"IMPORTER: realtime job","timestamp":"2017-06-10T17:25:00.007Z"}
{"level":"info","message":"IMPORTER: realtime job","timestamp":"2017-06-10T17:30:00.001Z"}
{"level":"info","message":"IMPORTER: realtime job","timestamp":"2017-06-10T17:35:00.003Z"}
{"level":"info","message":"IMPORTER: realtime job","timestamp":"2017-06-10T17:40:00.003Z"}
{"level":"info","message":"IMPORTER: realtime job","timestamp":"2017-06-10T17:45:00.001Z"}
{"level":"info","message":"IMPORTER: realtime job","timestamp":"2017-06-10T17:50:00.005Z"}
{"level":"info","message":"IMPORTER: realtime job","timestamp":"2017-06-10T17:55:00.002Z"}
{"level":"info","message":"IMPORTER: realtime job","timestamp":"2017-06-10T18:00:00.002Z"}
{"level":"info","message":"IMPORTER: realtime job","timestamp":"2017-06-10T18:05:00.003Z"}
{"level":"info","message":"IMPORTER: realtime job","timestamp":"2017-06-10T18:10:00.003Z"}
{"level":"info","message":"IMPORTER: realtime job","timestamp":"2017-06-10T18:15:00.003Z"}
{"level":"info","message":"IMPORTER: realtime job","timestamp":"2017-06-10T18:20:00.001Z"}
{"level":"info","message":"IMPORTER: realtime job","timestamp":"2017-06-10T18:25:00.002Z"}
{"level":"info","message":"IMPORTER: realtime job","timestamp":"2017-06-10T18:30:00.002Z"}
{"level":"info","message":"IMPORTER: realtime job","timestamp":"2017-06-10T18:35:00.003Z"}
{"level":"info","message":"IMPORTER: realtime job","timestamp":"2017-06-10T18:40:00.003Z"}
{"level":"info","message":"IMPORTER: realtime job","timestamp":"2017-06-10T18:45:00.004Z"}
{"level":"info","message":"IMPORTER: realtime job","timestamp":"2017-06-10T18:50:00.004Z"}
{"level":"info","message":"IMPORTER: realtime job","timestamp":"2017-06-10T18:55:00.003Z"}
{"level":"info","message":"IMPORTER: realtime job","timestamp":"2017-06-10T19:00:00.003Z"}
{"level":"info","message":"IMPORTER: realtime job","timestamp":"2017-06-10T19:05:00.003Z"}
{"level":"info","message":"IMPORTER: realtime job","timestamp":"2017-06-10T19:10:00.007Z"}
{"level":"info","message":"IMPORTER: realtime job","timestamp":"2017-06-10T19:15:00.003Z"}
{"level":"info","message":"IMPORTER: realtime job","timestamp":"2017-06-10T19:20:00.003Z"}
{"level":"info","message":"IMPORTER: realtime job","timestamp":"2017-06-10T19:25:00.002Z"}
{"level":"info","message":"IMPORTER: realtime job","timestamp":"2017-06-10T19:30:00.003Z"}
{"level":"info","message":"IMPORTER: realtime job","timestamp":"2017-06-10T19:35:00.005Z"}
{"level":"info","message":"IMPORTER: realtime job","timestamp":"2017-06-10T19:40:00.003Z"}
{"level":"info","message":"IMPORTER: realtime job","timestamp":"2017-06-10T19:45:00.003Z"}
{"level":"info","message":"IMPORTER: realtime job","timestamp":"2017-06-10T19:50:00.004Z"}
{"level":"info","message":"IMPORTER: realtime job","timestamp":"2017-06-10T19:55:00.004Z"}
{"level":"info","message":"IMPORTER: realtime job","timestamp":"2017-06-10T20:00:00.003Z"}
{"level":"info","message":"IMPORTER: realtime job","timestamp":"2017-06-10T20:05:00.001Z"}
{"level":"info","message":"IMPORTER: realtime job","timestamp":"2017-06-10T20:10:00.001Z"}
{"level":"info","message":"IMPORTER: realtime job","timestamp":"2017-06-10T20:15:00.002Z"}
{"level":"info","message":"IMPORTER: realtime job","timestamp":"2017-06-10T20:20:00.005Z"}
{"level":"info","message":"IMPORTER: realtime job","timestamp":"2017-06-10T20:25:00.003Z"}
{"level":"info","message":"IMPORTER: realtime job","timestamp":"2017-06-10T20:30:00.003Z"}
{"level":"info","message":"IMPORTER: realtime job","timestamp":"2017-06-10T20:35:00.007Z"}
{"level":"info","message":"IMPORTER: realtime job","timestamp":"2017-06-10T20:40:00.003Z"}
{"level":"info","message":"IMPORTER: realtime job","timestamp":"2017-06-10T20:45:00.003Z"}
{"level":"info","message":"IMPORTER: realtime job","timestamp":"2017-06-10T20:50:00.003Z"}
{"level":"info","message":"IMPORTER: realtime job","timestamp":"2017-06-10T20:55:00.003Z"}
{"level":"info","message":"IMPORTER: realtime job","timestamp":"2017-06-10T21:00:00.003Z"}
{"level":"info","message":"IMPORTER: realtime job","timestamp":"2017-06-10T21:05:00.009Z"}
{"level":"info","message":"IMPORTER: realtime job","timestamp":"2017-06-10T21:10:00.008Z"}
{"level":"info","message":"IMPORTER: realtime job","timestamp":"2017-06-10T21:15:00.004Z"}
{"level":"info","message":"IMPORTER: realtime job","timestamp":"2017-06-10T21:20:00.006Z"}
{"level":"info","message":"IMPORTER: realtime job","timestamp":"2017-06-10T21:25:00.004Z"}
{"level":"info","message":"IMPORTER: realtime job","timestamp":"2017-06-10T21:30:00.006Z"}
{"level":"info","message":"IMPORTER: realtime job","timestamp":"2017-06-10T21:35:00.007Z"}
{"level":"info","message":"IMPORTER: realtime job","timestamp":"2017-06-10T21:40:00.005Z"}
{"level":"info","message":"IMPORTER: realtime job","timestamp":"2017-06-10T21:45:00.007Z"}
{"level":"info","message":"IMPORTER: realtime job","timestamp":"2017-06-10T21:50:00.008Z"}
{"level":"info","message":"IMPORTER: realtime job","timestamp":"2017-06-10T21:55:00.012Z"}
{"level":"info","message":"IMPORTER: realtime job","timestamp":"2017-06-10T22:00:00.004Z"}
{"level":"info","message":"IMPORTER: realtime job","timestamp":"2017-06-10T22:05:00.002Z"}
{"level":"info","message":"IMPORTER: realtime job","timestamp":"2017-06-10T22:10:00.003Z"}
{"message":"error writing points to influx","stack":"TypeError: Cannot read property 'writePoints' of undefined\n    at Object.exports.insertArray (D:\\gDrive\\_prog\\git\\tictrade2\\stocks\\api\\libs\\influx.js:78:32)\n    at post (D:\\gDrive\\_prog\\git\\tictrade2\\stocks\\api\\controllers\\quotes.js:11:31)\n    at Layer.handle [as handle_request] (D:\\gDrive\\_prog\\git\\tictrade2\\stocks\\node_modules\\express\\lib\\router\\layer.js:95:5)\n    at next (D:\\gDrive\\_prog\\git\\tictrade2\\stocks\\node_modules\\express\\lib\\router\\route.js:137:13)\n    at D:\\gDrive\\_prog\\git\\tictrade2\\stocks\\node_modules\\swaggerize-express\\lib\\expressroutes.js:90:13\n    at D:\\gDrive\\_prog\\git\\tictrade2\\stocks\\node_modules\\swaggerize-routes\\lib\\validator.js:137:25\n    at internals.Array.internals.Any.validate (D:\\gDrive\\_prog\\git\\tictrade2\\stocks\\node_modules\\joi\\lib\\any.js:670:16)\n    at validateParameter (D:\\gDrive\\_prog\\git\\tictrade2\\stocks\\node_modules\\swaggerize-routes\\lib\\validator.js:123:28)\n    at validateInput (D:\\gDrive\\_prog\\git\\tictrade2\\stocks\\node_modules\\swaggerize-express\\lib\\expressroutes.js:82:9)\n    at Layer.handle [as handle_request] (D:\\gDrive\\_prog\\git\\tictrade2\\stocks\\node_modules\\express\\lib\\router\\layer.js:95:5)\n    at next (D:\\gDrive\\_prog\\git\\tictrade2\\stocks\\node_modules\\express\\lib\\router\\route.js:137:13)\n    at D:\\gDrive\\_prog\\git\\tictrade2\\stocks\\node_modules\\swaggerize-express\\lib\\expressroutes.js:90:13\n    at D:\\gDrive\\_prog\\git\\tictrade2\\stocks\\node_modules\\swaggerize-routes\\lib\\validator.js:137:25\n    at internals.String.internals.Any.validate (D:\\gDrive\\_prog\\git\\tictrade2\\stocks\\node_modules\\joi\\lib\\any.js:670:16)\n    at validateParameter (D:\\gDrive\\_prog\\git\\tictrade2\\stocks\\node_modules\\swaggerize-routes\\lib\\validator.js:123:28)\n    at validateInput (D:\\gDrive\\_prog\\git\\tictrade2\\stocks\\node_modules\\swaggerize-express\\lib\\expressroutes.js:82:9)","level":"error","timestamp":"2017-06-15T19:37:34.983Z"}
{"message":"error writing points to influx","stack":"TypeError: Cannot read property 'writePoints' of undefined\n    at Object.exports.insertArray (D:\\gDrive\\_prog\\git\\tictrade2\\stocks\\api\\libs\\influx.js:78:29)\n    at post (D:\\gDrive\\_prog\\git\\tictrade2\\stocks\\api\\controllers\\quotes.js:12:31)\n    at Layer.handle [as handle_request] (D:\\gDrive\\_prog\\git\\tictrade2\\stocks\\node_modules\\express\\lib\\router\\layer.js:95:5)\n    at next (D:\\gDrive\\_prog\\git\\tictrade2\\stocks\\node_modules\\express\\lib\\router\\route.js:137:13)\n    at D:\\gDrive\\_prog\\git\\tictrade2\\stocks\\node_modules\\swaggerize-express\\lib\\expressroutes.js:90:13\n    at D:\\gDrive\\_prog\\git\\tictrade2\\stocks\\node_modules\\swaggerize-routes\\lib\\validator.js:137:25\n    at internals.Array.internals.Any.validate (D:\\gDrive\\_prog\\git\\tictrade2\\stocks\\node_modules\\joi\\lib\\any.js:670:16)\n    at validateParameter (D:\\gDrive\\_prog\\git\\tictrade2\\stocks\\node_modules\\swaggerize-routes\\lib\\validator.js:123:28)\n    at validateInput (D:\\gDrive\\_prog\\git\\tictrade2\\stocks\\node_modules\\swaggerize-express\\lib\\expressroutes.js:82:9)\n    at Layer.handle [as handle_request] (D:\\gDrive\\_prog\\git\\tictrade2\\stocks\\node_modules\\express\\lib\\router\\layer.js:95:5)\n    at next (D:\\gDrive\\_prog\\git\\tictrade2\\stocks\\node_modules\\express\\lib\\router\\route.js:137:13)\n    at D:\\gDrive\\_prog\\git\\tictrade2\\stocks\\node_modules\\swaggerize-express\\lib\\expressroutes.js:90:13\n    at D:\\gDrive\\_prog\\git\\tictrade2\\stocks\\node_modules\\swaggerize-routes\\lib\\validator.js:137:25\n    at internals.String.internals.Any.validate (D:\\gDrive\\_prog\\git\\tictrade2\\stocks\\node_modules\\joi\\lib\\any.js:670:16)\n    at validateParameter (D:\\gDrive\\_prog\\git\\tictrade2\\stocks\\node_modules\\swaggerize-routes\\lib\\validator.js:123:28)\n    at validateInput (D:\\gDrive\\_prog\\git\\tictrade2\\stocks\\node_modules\\swaggerize-express\\lib\\expressroutes.js:82:9)","level":"error","timestamp":"2017-06-15T19:46:49.650Z"}
{"message":"error writing points to influx","stack":"TypeError: Cannot read property 'writePoints' of undefined\n    at Object.exports.insertArray (D:\\gDrive\\_prog\\git\\tictrade2\\stocks\\api\\libs\\influx.js:78:29)\n    at post (D:\\gDrive\\_prog\\git\\tictrade2\\stocks\\api\\controllers\\quotes.js:12:31)\n    at Layer.handle [as handle_request] (D:\\gDrive\\_prog\\git\\tictrade2\\stocks\\node_modules\\express\\lib\\router\\layer.js:95:5)\n    at next (D:\\gDrive\\_prog\\git\\tictrade2\\stocks\\node_modules\\express\\lib\\router\\route.js:137:13)\n    at D:\\gDrive\\_prog\\git\\tictrade2\\stocks\\node_modules\\swaggerize-express\\lib\\expressroutes.js:90:13\n    at D:\\gDrive\\_prog\\git\\tictrade2\\stocks\\node_modules\\swaggerize-routes\\lib\\validator.js:137:25\n    at internals.Array.internals.Any.validate (D:\\gDrive\\_prog\\git\\tictrade2\\stocks\\node_modules\\joi\\lib\\any.js:670:16)\n    at validateParameter (D:\\gDrive\\_prog\\git\\tictrade2\\stocks\\node_modules\\swaggerize-routes\\lib\\validator.js:123:28)\n    at validateInput (D:\\gDrive\\_prog\\git\\tictrade2\\stocks\\node_modules\\swaggerize-express\\lib\\expressroutes.js:82:9)\n    at Layer.handle [as handle_request] (D:\\gDrive\\_prog\\git\\tictrade2\\stocks\\node_modules\\express\\lib\\router\\layer.js:95:5)\n    at next (D:\\gDrive\\_prog\\git\\tictrade2\\stocks\\node_modules\\express\\lib\\router\\route.js:137:13)\n    at D:\\gDrive\\_prog\\git\\tictrade2\\stocks\\node_modules\\swaggerize-express\\lib\\expressroutes.js:90:13\n    at D:\\gDrive\\_prog\\git\\tictrade2\\stocks\\node_modules\\swaggerize-routes\\lib\\validator.js:137:25\n    at internals.String.internals.Any.validate (D:\\gDrive\\_prog\\git\\tictrade2\\stocks\\node_modules\\joi\\lib\\any.js:670:16)\n    at validateParameter (D:\\gDrive\\_prog\\git\\tictrade2\\stocks\\node_modules\\swaggerize-routes\\lib\\validator.js:123:28)\n    at validateInput (D:\\gDrive\\_prog\\git\\tictrade2\\stocks\\node_modules\\swaggerize-express\\lib\\expressroutes.js:82:9)","level":"error","timestamp":"2017-06-15T19:47:25.203Z"}
{"message":"error query realtime","stack":"ReferenceError: stock is not defined\n    at get (D:\\gDrive\\_prog\\git\\tictrade2\\stocks\\api\\controllers\\quotes\\realTime.js:22:17)\n    at Layer.handle [as handle_request] (D:\\gDrive\\_prog\\git\\tictrade2\\stocks\\node_modules\\express\\lib\\router\\layer.js:95:5)\n    at next (D:\\gDrive\\_prog\\git\\tictrade2\\stocks\\node_modules\\express\\lib\\router\\route.js:137:13)\n    at D:\\gDrive\\_prog\\git\\tictrade2\\stocks\\node_modules\\swaggerize-express\\lib\\expressroutes.js:90:13\n    at D:\\gDrive\\_prog\\git\\tictrade2\\stocks\\node_modules\\swaggerize-routes\\lib\\validator.js:137:25\n    at internals.String.internals.Any.validate (D:\\gDrive\\_prog\\git\\tictrade2\\stocks\\node_modules\\joi\\lib\\any.js:670:16)\n    at validateParameter (D:\\gDrive\\_prog\\git\\tictrade2\\stocks\\node_modules\\swaggerize-routes\\lib\\validator.js:123:28)\n    at validateInput (D:\\gDrive\\_prog\\git\\tictrade2\\stocks\\node_modules\\swaggerize-express\\lib\\expressroutes.js:82:9)\n    at Layer.handle [as handle_request] (D:\\gDrive\\_prog\\git\\tictrade2\\stocks\\node_modules\\express\\lib\\router\\layer.js:95:5)\n    at next (D:\\gDrive\\_prog\\git\\tictrade2\\stocks\\node_modules\\express\\lib\\router\\route.js:137:13)\n    at D:\\gDrive\\_prog\\git\\tictrade2\\stocks\\node_modules\\swaggerize-express\\lib\\expressroutes.js:90:13\n    at D:\\gDrive\\_prog\\git\\tictrade2\\stocks\\node_modules\\swaggerize-routes\\lib\\validator.js:137:25\n    at internals.String.internals.Any.validate (D:\\gDrive\\_prog\\git\\tictrade2\\stocks\\node_modules\\joi\\lib\\any.js:670:16)\n    at validateParameter (D:\\gDrive\\_prog\\git\\tictrade2\\stocks\\node_modules\\swaggerize-routes\\lib\\validator.js:123:28)\n    at validateInput (D:\\gDrive\\_prog\\git\\tictrade2\\stocks\\node_modules\\swaggerize-express\\lib\\expressroutes.js:82:9)\n    at Layer.handle [as handle_request] (D:\\gDrive\\_prog\\git\\tictrade2\\stocks\\node_modules\\express\\lib\\router\\layer.js:95:5)","level":"error","timestamp":"2017-06-22T12:12:50.944Z"}
{"level":"info","message":"  -> current quotes updated. ","timestamp":"2017-07-04T21:30:00.185Z"}
{"level":"info","message":"  -> current quotes updated. ","timestamp":"2017-07-04T21:33:00.175Z"}
{"level":"info","message":"  -> current quotes updated. ","timestamp":"2017-07-04T21:36:00.159Z"}
{"level":"info","message":"  -> current quotes updated. ","timestamp":"2017-07-04T21:39:00.137Z"}
{"level":"info","message":"  -> current quotes updated. ","timestamp":"2017-07-04T21:42:00.147Z"}
{"level":"info","message":"  -> current quotes updated. ","timestamp":"2017-07-04T21:45:00.174Z"}
{"level":"info","message":"  -> current quotes updated. ","timestamp":"2017-07-04T21:48:00.139Z"}
{"level":"info","message":"  -> current quotes updated. ","timestamp":"2017-07-04T21:51:00.136Z"}
{"level":"info","message":"  -> current quotes updated. ","timestamp":"2017-07-04T21:54:00.152Z"}
{"level":"info","message":"  -> current quotes updated. ","timestamp":"2017-07-04T21:57:00.142Z"}
{"level":"info","message":"  -> current quotes updated. ","timestamp":"2017-07-04T22:00:00.140Z"}
{"level":"info","message":"  -> current quotes updated. ","timestamp":"2017-07-04T22:03:00.161Z"}
{"level":"info","message":"  -> current quotes updated. ","timestamp":"2017-07-04T22:06:00.134Z"}
{"level":"info","message":"  -> current quotes updated. ","timestamp":"2017-07-04T22:09:00.127Z"}
{"level":"info","message":"  -> current quotes updated. ","timestamp":"2017-07-04T22:12:00.138Z"}
{"level":"info","message":"  -> current quotes updated. ","timestamp":"2017-07-04T22:15:00.129Z"}
{"level":"info","message":"  -> current quotes updated. ","timestamp":"2017-07-04T22:18:00.130Z"}
{"level":"info","message":"  -> current quotes updated. ","timestamp":"2017-07-04T22:21:00.132Z"}
{"level":"info","message":"  -> current quotes updated. ","timestamp":"2017-07-04T22:24:00.157Z"}
{"level":"info","message":"  -> current quotes updated. ","timestamp":"2017-07-04T22:27:00.129Z"}
{"level":"info","message":"  -> current quotes updated. ","timestamp":"2017-07-04T22:30:00.137Z"}
{"level":"info","message":"  -> current quotes updated. ","timestamp":"2017-07-04T22:33:00.127Z"}
{"level":"info","message":"  -> current quotes updated. ","timestamp":"2017-07-04T22:36:00.136Z"}
{"level":"info","message":"  -> current quotes updated. ","timestamp":"2017-07-04T22:39:00.135Z"}
{"level":"info","message":"  -> current quotes updated. ","timestamp":"2017-07-04T22:42:00.144Z"}
{"level":"info","message":"  -> current quotes updated. ","timestamp":"2017-07-04T22:45:00.128Z"}
{"level":"info","message":"  -> current quotes updated. ","timestamp":"2017-07-04T22:48:00.136Z"}
{"level":"info","message":"  -> current quotes updated. ","timestamp":"2017-07-04T22:51:00.132Z"}
{"level":"info","message":"  -> current quotes updated. ","timestamp":"2017-07-04T22:54:00.131Z"}
{"level":"info","message":"  -> current quotes updated. ","timestamp":"2017-07-04T22:57:00.128Z"}
{"level":"info","message":"  -> current quotes updated. ","timestamp":"2017-07-04T23:00:00.142Z"}
{"level":"info","message":"  -> current quotes updated. ","timestamp":"2017-07-04T23:03:00.152Z"}
{"level":"info","message":"  -> current quotes updated. ","timestamp":"2017-07-04T23:06:00.128Z"}
{"level":"info","message":"  -> current quotes updated. ","timestamp":"2017-07-04T23:09:00.134Z"}
{"level":"info","message":"  -> current quotes updated. ","timestamp":"2017-07-04T23:12:00.138Z"}
{"level":"info","message":"  -> current quotes updated. ","timestamp":"2017-07-04T23:15:00.132Z"}
{"level":"info","message":"  -> current quotes updated. ","timestamp":"2017-07-04T23:18:00.137Z"}
{"level":"info","message":"  -> current quotes updated. ","timestamp":"2017-07-04T23:21:00.146Z"}
{"level":"info","message":"  -> current quotes updated. ","timestamp":"2017-07-04T23:24:00.140Z"}
{"level":"info","message":"  -> current quotes updated. ","timestamp":"2017-07-04T23:27:00.144Z"}
{"level":"info","message":"  -> current quotes updated. ","timestamp":"2017-07-04T23:30:00.148Z"}
{"level":"info","message":"  -> current quotes updated. ","timestamp":"2017-07-04T23:33:00.147Z"}
{"level":"info","message":"  -> current quotes updated. ","timestamp":"2017-07-04T23:36:00.138Z"}
{"level":"info","message":"  -> current quotes updated. ","timestamp":"2017-07-04T23:39:00.151Z"}
{"level":"info","message":"  -> current quotes updated. ","timestamp":"2017-07-04T23:42:00.161Z"}
{"level":"info","message":"  -> current quotes updated. ","timestamp":"2017-07-04T23:45:00.157Z"}
{"level":"info","message":"  -> current quotes updated. ","timestamp":"2017-07-04T23:48:00.162Z"}
{"level":"info","message":"  -> current quotes updated. ","timestamp":"2017-07-04T23:51:00.167Z"}
{"level":"info","message":"  -> current quotes updated. ","timestamp":"2017-07-04T23:54:00.165Z"}
{"level":"info","message":"  -> current quotes updated. ","timestamp":"2017-07-04T23:57:00.194Z"}
{"level":"info","message":"  -> current quotes updated. ","timestamp":"2017-07-05T00:00:00.172Z"}
{"level":"info","message":"  -> current quotes updated. ","timestamp":"2017-07-05T00:03:00.167Z"}
{"level":"info","message":"  -> current quotes updated. ","timestamp":"2017-07-05T00:06:00.157Z"}
{"level":"info","message":"  -> current quotes updated. ","timestamp":"2017-07-05T00:09:00.161Z"}
{"level":"info","message":"  -> current quotes updated. ","timestamp":"2017-07-05T00:12:00.192Z"}
{"level":"info","message":"  -> current quotes updated. ","timestamp":"2017-07-05T00:15:00.156Z"}
{"level":"info","message":"  -> current quotes updated. ","timestamp":"2017-07-05T00:18:00.176Z"}
{"level":"info","message":"  -> current quotes updated. ","timestamp":"2017-07-05T00:21:00.147Z"}
{"level":"info","message":"  -> current quotes updated. ","timestamp":"2017-07-05T00:24:00.138Z"}
{"level":"info","message":"  -> current quotes updated. ","timestamp":"2017-07-05T00:27:00.156Z"}
{"level":"info","message":"  -> current quotes updated. ","timestamp":"2017-07-05T00:30:00.155Z"}
{"level":"info","message":"  -> current quotes updated. ","timestamp":"2017-07-05T00:33:00.166Z"}
{"level":"info","message":"  -> current quotes updated. ","timestamp":"2017-07-05T00:36:00.170Z"}
{"level":"info","message":"  -> current quotes updated. ","timestamp":"2017-07-05T00:39:00.140Z"}
{"level":"info","message":"  -> current quotes updated. ","timestamp":"2017-07-05T00:42:00.142Z"}
{"level":"info","message":"  -> current quotes updated. ","timestamp":"2017-07-05T00:45:00.142Z"}
{"level":"info","message":"  -> current quotes updated. ","timestamp":"2017-07-05T00:48:00.148Z"}
{"level":"info","message":"  -> current quotes updated. ","timestamp":"2017-07-05T00:51:00.145Z"}
{"level":"info","message":"  -> current quotes updated. ","timestamp":"2017-07-05T00:54:00.146Z"}
{"level":"info","message":"  -> current quotes updated. ","timestamp":"2017-07-05T00:57:00.153Z"}
{"level":"info","message":"  -> current quotes updated. ","timestamp":"2017-07-05T01:00:00.148Z"}
{"level":"info","message":"  -> current quotes updated. ","timestamp":"2017-07-05T01:03:00.146Z"}
{"level":"info","message":"  -> current quotes updated. ","timestamp":"2017-07-05T01:06:00.146Z"}
{"level":"info","message":"  -> current quotes updated. ","timestamp":"2017-07-05T01:09:00.143Z"}
{"level":"info","message":"  -> current quotes updated. ","timestamp":"2017-07-05T01:12:00.155Z"}
{"level":"info","message":"  -> current quotes updated. ","timestamp":"2017-07-05T01:15:00.155Z"}
{"level":"info","message":"  -> current quotes updated. ","timestamp":"2017-07-05T01:18:00.141Z"}
{"level":"info","message":"  -> current quotes updated. ","timestamp":"2017-07-05T01:21:00.156Z"}
{"level":"info","message":"  -> current quotes updated. ","timestamp":"2017-07-05T01:24:00.146Z"}
{"level":"info","message":"  -> current quotes updated. ","timestamp":"2017-07-05T01:27:00.194Z"}
{"level":"info","message":"  -> current quotes updated. ","timestamp":"2017-07-05T01:30:00.143Z"}
{"level":"info","message":"  -> current quotes updated. ","timestamp":"2017-07-05T01:33:00.143Z"}
{"level":"info","message":"  -> current quotes updated. ","timestamp":"2017-07-05T01:36:00.155Z"}
{"level":"info","message":"  -> current quotes updated. ","timestamp":"2017-07-05T01:39:00.137Z"}
{"level":"info","message":"  -> current quotes updated. ","timestamp":"2017-07-05T01:42:00.134Z"}
{"level":"info","message":"  -> current quotes updated. ","timestamp":"2017-07-05T14:24:00.255Z"}
{"level":"info","message":"  -> current quotes updated. ","timestamp":"2017-07-05T14:30:00.276Z"}
{"level":"info","message":"  -> current quotes updated. ","timestamp":"2017-07-05T14:33:00.215Z"}
{"level":"info","message":"  -> current quotes updated. ","timestamp":"2017-07-05T14:36:00.221Z"}
{"level":"info","message":"  -> current quotes updated. ","timestamp":"2017-07-05T15:01:00.199Z"}
{"level":"info","message":"  -> current quotes updated. ","timestamp":"2017-07-05T15:02:00.187Z"}
{"level":"info","message":"  -> current quotes updated. ","timestamp":"2017-07-05T15:03:00.223Z"}
{"level":"info","message":"  -> current quotes updated. ","timestamp":"2017-07-05T15:04:00.163Z"}
{"level":"info","message":"  -> current quotes updated. ","timestamp":"2017-07-05T15:09:00.190Z"}
{"level":"info","message":"  -> current quotes updated. ","timestamp":"2017-07-05T15:10:00.187Z"}
{"level":"info","message":"  -> current quotes updated. ","timestamp":"2017-07-05T15:11:00.229Z"}
{"level":"info","message":"  -> current quotes updated. ","timestamp":"2017-07-05T15:12:00.154Z"}
{"level":"info","message":"  -> current quotes updated. ","timestamp":"2017-07-05T15:13:00.195Z"}
{"level":"info","message":"  -> current quotes updated. ","timestamp":"2017-07-05T15:14:00.168Z"}
{"level":"info","message":"  -> current quotes updated. ","timestamp":"2017-07-05T15:15:00.195Z"}
{"level":"info","message":"  -> current quotes updated. ","timestamp":"2017-07-05T15:16:00.197Z"}
{"level":"info","message":"  -> current quotes updated. ","timestamp":"2017-07-05T15:17:00.190Z"}
{"level":"info","message":"  -> current quotes updated. ","timestamp":"2017-07-05T15:18:00.171Z"}
{"level":"info","message":"  -> current quotes updated. ","timestamp":"2017-07-05T15:19:00.176Z"}
{"level":"info","message":"  -> current quotes updated. ","timestamp":"2017-07-05T15:20:00.170Z"}
{"level":"info","message":"  -> current quotes updated. ","timestamp":"2017-07-05T15:21:00.174Z"}
{"level":"info","message":"  -> current quotes updated. ","timestamp":"2017-07-05T15:22:00.167Z"}
{"level":"info","message":"  -> current quotes updated. ","timestamp":"2017-07-05T15:23:00.163Z"}
{"level":"info","message":"  -> current quotes updated. ","timestamp":"2017-07-05T15:24:00.166Z"}
{"level":"info","message":"  -> current quotes updated. ","timestamp":"2017-07-05T15:25:00.169Z"}
{"level":"info","message":"  -> current quotes updated. ","timestamp":"2017-07-05T15:26:00.142Z"}
{"level":"info","message":"  -> current quotes updated. ","timestamp":"2017-07-05T15:27:00.156Z"}
{"level":"info","message":"  -> current quotes updated. ","timestamp":"2017-07-05T15:28:00.152Z"}
{"level":"info","message":"  -> current quotes updated. ","timestamp":"2017-07-05T15:29:00.179Z"}
{"level":"info","message":"  -> current quotes updated. ","timestamp":"2017-07-05T15:30:00.187Z"}
{"level":"info","message":"  -> current quotes updated. ","timestamp":"2017-07-05T15:31:00.164Z"}
{"level":"info","message":"  -> current quotes updated. ","timestamp":"2017-07-05T15:32:00.254Z"}
{"level":"info","message":"  -> current quotes updated. ","timestamp":"2017-07-05T15:33:00.175Z"}
{"level":"info","message":"  -> current quotes updated. ","timestamp":"2017-07-05T15:34:00.155Z"}
{"level":"info","message":"  -> current quotes updated. ","timestamp":"2017-07-05T15:35:00.172Z"}
{"level":"info","message":"  -> current quotes updated. ","timestamp":"2017-07-05T15:36:00.137Z"}
{"level":"info","message":"  -> current quotes updated. ","timestamp":"2017-07-05T15:37:00.211Z"}
{"level":"info","message":"  -> current quotes updated. ","timestamp":"2017-07-05T15:38:00.153Z"}
{"level":"info","message":"  -> current quotes updated. ","timestamp":"2017-07-05T15:39:00.165Z"}
{"level":"info","message":"  -> current quotes updated. ","timestamp":"2017-07-05T15:40:00.154Z"}
{"level":"info","message":"  -> current quotes updated. ","timestamp":"2017-07-05T15:41:00.154Z"}
{"level":"info","message":"  -> current quotes updated. ","timestamp":"2017-07-05T15:42:00.141Z"}
{"level":"info","message":"  -> current quotes updated. ","timestamp":"2017-07-05T15:43:00.137Z"}
{"level":"info","message":"  -> current quotes updated. ","timestamp":"2017-07-05T15:44:00.143Z"}
{"level":"info","message":"  -> current quotes updated. ","timestamp":"2017-07-05T15:45:00.171Z"}
{"level":"info","message":"  -> current quotes updated. ","timestamp":"2017-07-05T15:46:00.178Z"}
{"level":"info","message":"  -> current quotes updated. ","timestamp":"2017-07-05T15:47:00.204Z"}
{"level":"info","message":"  -> current quotes updated. ","timestamp":"2017-07-05T15:48:00.151Z"}
{"level":"info","message":"  -> current quotes updated. ","timestamp":"2017-07-05T15:49:00.139Z"}
{"level":"info","message":"  -> current quotes updated. ","timestamp":"2017-07-05T15:50:00.159Z"}
{"level":"info","message":"  -> current quotes updated. ","timestamp":"2017-07-05T15:51:00.165Z"}
{"level":"info","message":"  -> current quotes updated. ","timestamp":"2017-07-05T15:52:00.153Z"}
{"level":"info","message":"  -> current quotes updated. ","timestamp":"2017-07-05T15:53:00.199Z"}
{"level":"info","message":"  -> current quotes updated. ","timestamp":"2017-07-05T15:54:00.157Z"}
{"level":"info","message":"  -> current quotes updated. ","timestamp":"2017-07-05T15:55:00.162Z"}
{"level":"info","message":"  -> current quotes updated. ","timestamp":"2017-07-05T15:56:00.153Z"}
{"level":"info","message":"  -> current quotes updated. ","timestamp":"2017-07-05T15:57:00.192Z"}
{"level":"info","message":"  -> current quotes updated. ","timestamp":"2017-07-05T15:58:00.196Z"}
{"level":"info","message":"  -> current quotes updated. ","timestamp":"2017-07-05T15:59:00.181Z"}
{"level":"info","message":"  -> current quotes updated. ","timestamp":"2017-07-05T16:00:00.157Z"}
{"level":"info","message":"  -> current quotes updated. ","timestamp":"2017-07-05T16:01:00.155Z"}
{"level":"info","message":"  -> current quotes updated. ","timestamp":"2017-07-05T16:02:00.156Z"}
{"level":"info","message":"  -> current quotes updated. ","timestamp":"2017-07-05T16:03:00.185Z"}
{"level":"info","message":"  -> current quotes updated. ","timestamp":"2017-07-05T16:04:00.146Z"}
{"level":"info","message":"  -> current quotes updated. ","timestamp":"2017-07-05T16:05:00.155Z"}
{"level":"info","message":"  -> current quotes updated. ","timestamp":"2017-07-05T16:06:00.147Z"}
{"level":"info","message":"  -> current quotes updated. ","timestamp":"2017-07-05T16:07:00.196Z"}
{"level":"info","message":"  -> current quotes updated. ","timestamp":"2017-07-05T16:08:00.169Z"}
{"level":"info","message":"  -> current quotes updated. ","timestamp":"2017-07-05T16:09:00.181Z"}
{"level":"info","message":"  -> current quotes updated. ","timestamp":"2017-07-05T16:10:00.157Z"}
{"level":"info","message":"  -> current quotes updated. ","timestamp":"2017-07-05T16:11:00.159Z"}
{"level":"info","message":"  -> current quotes updated. ","timestamp":"2017-07-05T16:12:00.154Z"}
{"level":"info","message":"  -> current quotes updated. ","timestamp":"2017-07-05T16:13:00.153Z"}
{"level":"info","message":"  -> current quotes updated. ","timestamp":"2017-07-05T16:14:00.167Z"}
{"level":"info","message":"  -> current quotes updated. ","timestamp":"2017-07-05T16:15:00.180Z"}
{"level":"info","message":"  -> current quotes updated. ","timestamp":"2017-07-05T16:16:00.167Z"}
{"level":"info","message":"  -> current quotes updated. ","timestamp":"2017-07-05T16:17:00.169Z"}
{"level":"info","message":"  -> current quotes updated. ","timestamp":"2017-07-05T16:18:00.171Z"}
{"level":"info","message":"  -> current quotes updated. ","timestamp":"2017-07-05T16:19:00.156Z"}
{"level":"info","message":"  -> current quotes updated. ","timestamp":"2017-07-05T16:20:00.153Z"}
{"level":"info","message":"  -> current quotes updated. ","timestamp":"2017-07-05T16:21:00.162Z"}
{"level":"info","message":"  -> current quotes updated. ","timestamp":"2017-07-05T16:22:00.157Z"}
{"level":"info","message":"  -> current quotes updated. ","timestamp":"2017-07-05T16:23:00.142Z"}
{"level":"info","message":"  -> current quotes updated. ","timestamp":"2017-07-05T16:24:00.138Z"}
{"level":"info","message":"  -> current quotes updated. ","timestamp":"2017-07-05T16:25:00.144Z"}
{"level":"info","message":"  -> current quotes updated. ","timestamp":"2017-07-05T16:26:00.166Z"}
{"level":"info","message":"  -> current quotes updated. ","timestamp":"2017-07-05T16:27:00.144Z"}
{"level":"info","message":"  -> current quotes updated. ","timestamp":"2017-07-05T16:28:00.136Z"}
{"level":"info","message":"  -> current quotes updated. ","timestamp":"2017-07-05T16:29:00.149Z"}
{"level":"info","message":"  -> current quotes updated. ","timestamp":"2017-07-05T16:30:00.139Z"}
{"level":"info","message":"  -> current quotes updated. ","timestamp":"2017-07-05T16:31:00.125Z"}
{"level":"info","message":"  -> current quotes updated. ","timestamp":"2017-07-05T16:32:00.157Z"}
{"level":"info","message":"  -> current quotes updated. ","timestamp":"2017-07-05T16:33:00.147Z"}
{"level":"info","message":"  -> current quotes updated. ","timestamp":"2017-07-05T16:34:00.151Z"}
{"level":"info","message":"  -> current quotes updated. ","timestamp":"2017-07-05T16:35:00.155Z"}
{"level":"info","message":"  -> current quotes updated. ","timestamp":"2017-07-05T16:36:00.149Z"}
{"level":"info","message":"  -> current quotes updated. ","timestamp":"2017-07-05T16:37:00.138Z"}
{"level":"info","message":"  -> current quotes updated. ","timestamp":"2017-07-05T16:38:00.154Z"}
{"level":"info","message":"  -> current quotes updated. ","timestamp":"2017-07-05T16:39:00.144Z"}
{"level":"info","message":"  -> current quotes updated. ","timestamp":"2017-07-05T16:40:00.185Z"}
{"level":"info","message":"  -> current quotes updated. ","timestamp":"2017-07-05T16:41:00.157Z"}
{"level":"info","message":"  -> current quotes updated. ","timestamp":"2017-07-05T16:42:00.139Z"}
{"level":"info","message":"  -> current quotes updated. ","timestamp":"2017-07-05T16:43:00.171Z"}
{"level":"info","message":"  -> current quotes updated. ","timestamp":"2017-07-05T16:44:00.171Z"}
{"level":"info","message":"  -> current quotes updated. ","timestamp":"2017-07-05T16:45:00.153Z"}
{"level":"info","message":"  -> current quotes updated. ","timestamp":"2017-07-05T16:46:00.162Z"}
{"level":"info","message":"  -> current quotes updated. ","timestamp":"2017-07-05T16:47:00.176Z"}
{"level":"info","message":"  -> current quotes updated. ","timestamp":"2017-07-05T16:48:00.159Z"}
{"level":"info","message":"  -> current quotes updated. ","timestamp":"2017-07-05T16:49:00.134Z"}
{"level":"info","message":"  -> current quotes updated. ","timestamp":"2017-07-05T16:50:00.142Z"}
{"level":"info","message":"  -> current quotes updated. ","timestamp":"2017-07-05T16:51:00.152Z"}
{"level":"info","message":"  -> current quotes updated. ","timestamp":"2017-07-05T16:52:00.153Z"}
{"level":"info","message":"  -> current quotes updated. ","timestamp":"2017-07-05T16:53:00.137Z"}
{"level":"info","message":"  -> current quotes updated. ","timestamp":"2017-07-05T16:54:00.153Z"}
{"level":"info","message":"  -> current quotes updated. ","timestamp":"2017-07-05T16:55:00.131Z"}
{"level":"info","message":"  -> current quotes updated. ","timestamp":"2017-07-05T16:56:00.143Z"}
{"level":"info","message":"  -> current quotes updated. ","timestamp":"2017-07-05T16:57:00.175Z"}
{"level":"info","message":"  -> current quotes updated. ","timestamp":"2017-07-05T16:58:00.155Z"}
{"level":"info","message":"  -> current quotes updated. ","timestamp":"2017-07-05T16:59:00.161Z"}
{"level":"info","message":"  -> current quotes updated. ","timestamp":"2017-07-05T17:00:00.158Z"}
{"level":"info","message":"  -> current quotes updated. ","timestamp":"2017-07-05T17:01:00.180Z"}
{"level":"info","message":"  -> current quotes updated. ","timestamp":"2017-07-05T17:02:00.155Z"}
{"level":"info","message":"  -> current quotes updated. ","timestamp":"2017-07-05T17:03:00.149Z"}
{"level":"info","message":"  -> current quotes updated. ","timestamp":"2017-07-05T17:04:00.146Z"}
{"level":"info","message":"  -> current quotes updated. ","timestamp":"2017-07-05T17:05:00.150Z"}
{"level":"info","message":"  -> current quotes updated. ","timestamp":"2017-07-05T17:06:00.143Z"}
{"level":"info","message":"  -> current quotes updated. ","timestamp":"2017-07-05T17:07:00.156Z"}
{"level":"info","message":"  -> current quotes updated. ","timestamp":"2017-07-05T17:08:00.140Z"}
{"level":"info","message":"  -> current quotes updated. ","timestamp":"2017-07-05T17:09:00.157Z"}
{"level":"info","message":"  -> current quotes updated. ","timestamp":"2017-07-05T17:10:00.138Z"}
{"level":"info","message":"  -> current quotes updated. ","timestamp":"2017-07-05T17:11:00.175Z"}
{"level":"info","message":"  -> current quotes updated. ","timestamp":"2017-07-06T00:17:00.082Z"}
{"level":"info","message":"  -> current quotes updated. ","timestamp":"2017-07-06T00:18:00.086Z"}
{"level":"info","message":"  -> current quotes updated. ","timestamp":"2017-07-06T00:19:00.069Z"}
{"level":"info","message":"  -> current quotes updated. ","timestamp":"2017-07-06T00:20:00.112Z"}
{"level":"info","message":"  -> current quotes updated. ","timestamp":"2017-07-06T00:21:00.032Z"}
{"level":"info","message":"  -> current quotes updated. ","timestamp":"2017-07-06T00:22:00.011Z"}
{"level":"info","message":"  -> current quotes updated. ","timestamp":"2017-07-06T00:23:00.007Z"}
{"level":"info","message":"  -> current quotes updated. ","timestamp":"2017-07-06T00:24:00.009Z"}
{"level":"info","message":"  -> current quotes updated. ","timestamp":"2017-07-06T00:25:00.007Z"}
{"level":"info","message":"  -> current quotes updated. ","timestamp":"2017-07-06T00:26:00.008Z"}
{"message":"No default engine was specified and no extension was provided.","stack":"Error: No default engine was specified and no extension was provided.\n    at new View (d:\\gDrive\\_prog\\git\\swapi_github\\node_modules\\express\\lib\\view.js:61:11)\n    at Function.render (d:\\gDrive\\_prog\\git\\swapi_github\\node_modules\\express\\lib\\application.js:570:12)\n    at ServerResponse.render (d:\\gDrive\\_prog\\git\\swapi_github\\node_modules\\express\\lib\\response.js:1008:7)\n    at d:\\gDrive\\_prog\\git\\swapi_github\\app\\routesDir\\dir\\showTest.js:7:9\n    at d:\\gDrive\\_prog\\git\\swapi_github\\swapi\\init\\express-async-error.js:26:38\n    at Layer.handle [as handle_request] (d:\\gDrive\\_prog\\git\\swapi_github\\node_modules\\express\\lib\\router\\layer.js:95:5)\n    at next (d:\\gDrive\\_prog\\git\\swapi_github\\node_modules\\express\\lib\\router\\route.js:137:13)\n    at Route.dispatch (d:\\gDrive\\_prog\\git\\swapi_github\\node_modules\\express\\lib\\router\\route.js:112:3)\n    at Layer.handle [as handle_request] (d:\\gDrive\\_prog\\git\\swapi_github\\node_modules\\express\\lib\\router\\layer.js:95:5)\n    at d:\\gDrive\\_prog\\git\\swapi_github\\node_modules\\express\\lib\\router\\index.js:281:22\n    at Function.process_params (d:\\gDrive\\_prog\\git\\swapi_github\\node_modules\\express\\lib\\router\\index.js:335:12)\n    at next (d:\\gDrive\\_prog\\git\\swapi_github\\node_modules\\express\\lib\\router\\index.js:275:10)\n    at Function.handle (d:\\gDrive\\_prog\\git\\swapi_github\\node_modules\\express\\lib\\router\\index.js:174:3)\n    at router (d:\\gDrive\\_prog\\git\\swapi_github\\node_modules\\express\\lib\\router\\index.js:47:12)\n    at Layer.handle [as handle_request] (d:\\gDrive\\_prog\\git\\swapi_github\\node_modules\\express\\lib\\router\\layer.js:95:5)\n    at trim_prefix (d:\\gDrive\\_prog\\git\\swapi_github\\node_modules\\express\\lib\\router\\index.js:317:13)","level":"error","timestamp":"2017-11-17T16:53:23.264Z"}
{"message":"No default engine was specified and no extension was provided.","stack":"Error: No default engine was specified and no extension was provided.\n    at new View (d:\\gDrive\\_prog\\git\\swapi_github\\node_modules\\express\\lib\\view.js:61:11)\n    at Function.render (d:\\gDrive\\_prog\\git\\swapi_github\\node_modules\\express\\lib\\application.js:570:12)\n    at ServerResponse.render (d:\\gDrive\\_prog\\git\\swapi_github\\node_modules\\express\\lib\\response.js:1008:7)\n    at d:\\gDrive\\_prog\\git\\swapi_github\\app\\routesDir\\dir\\showTest.js:7:9\n    at d:\\gDrive\\_prog\\git\\swapi_github\\swapi\\init\\express-async-error.js:26:38\n    at Layer.handle [as handle_request] (d:\\gDrive\\_prog\\git\\swapi_github\\node_modules\\express\\lib\\router\\layer.js:95:5)\n    at next (d:\\gDrive\\_prog\\git\\swapi_github\\node_modules\\express\\lib\\router\\route.js:137:13)\n    at Route.dispatch (d:\\gDrive\\_prog\\git\\swapi_github\\node_modules\\express\\lib\\router\\route.js:112:3)\n    at Layer.handle [as handle_request] (d:\\gDrive\\_prog\\git\\swapi_github\\node_modules\\express\\lib\\router\\layer.js:95:5)\n    at d:\\gDrive\\_prog\\git\\swapi_github\\node_modules\\express\\lib\\router\\index.js:281:22\n    at Function.process_params (d:\\gDrive\\_prog\\git\\swapi_github\\node_modules\\express\\lib\\router\\index.js:335:12)\n    at next (d:\\gDrive\\_prog\\git\\swapi_github\\node_modules\\express\\lib\\router\\index.js:275:10)\n    at Function.handle (d:\\gDrive\\_prog\\git\\swapi_github\\node_modules\\express\\lib\\router\\index.js:174:3)\n    at router (d:\\gDrive\\_prog\\git\\swapi_github\\node_modules\\express\\lib\\router\\index.js:47:12)\n    at Layer.handle [as handle_request] (d:\\gDrive\\_prog\\git\\swapi_github\\node_modules\\express\\lib\\router\\layer.js:95:5)\n    at trim_prefix (d:\\gDrive\\_prog\\git\\swapi_github\\node_modules\\express\\lib\\router\\index.js:317:13)","level":"error","timestamp":"2017-11-17T16:54:16.552Z"}
{"message":"No default engine was specified and no extension was provided.","stack":"Error: No default engine was specified and no extension was provided.\n    at new View (d:\\gDrive\\_prog\\git\\swapi_github\\node_modules\\express\\lib\\view.js:61:11)\n    at Function.render (d:\\gDrive\\_prog\\git\\swapi_github\\node_modules\\express\\lib\\application.js:570:12)\n    at ServerResponse.render (d:\\gDrive\\_prog\\git\\swapi_github\\node_modules\\express\\lib\\response.js:1008:7)\n    at d:\\gDrive\\_prog\\git\\swapi_github\\app\\routesDir\\dir\\showTest.js:7:9\n    at d:\\gDrive\\_prog\\git\\swapi_github\\swapi\\init\\express-async-error.js:26:38\n    at Layer.handle [as handle_request] (d:\\gDrive\\_prog\\git\\swapi_github\\node_modules\\express\\lib\\router\\layer.js:95:5)\n    at next (d:\\gDrive\\_prog\\git\\swapi_github\\node_modules\\express\\lib\\router\\route.js:137:13)\n    at Route.dispatch (d:\\gDrive\\_prog\\git\\swapi_github\\node_modules\\express\\lib\\router\\route.js:112:3)\n    at Layer.handle [as handle_request] (d:\\gDrive\\_prog\\git\\swapi_github\\node_modules\\express\\lib\\router\\layer.js:95:5)\n    at d:\\gDrive\\_prog\\git\\swapi_github\\node_modules\\express\\lib\\router\\index.js:281:22\n    at Function.process_params (d:\\gDrive\\_prog\\git\\swapi_github\\node_modules\\express\\lib\\router\\index.js:335:12)\n    at next (d:\\gDrive\\_prog\\git\\swapi_github\\node_modules\\express\\lib\\router\\index.js:275:10)\n    at Function.handle (d:\\gDrive\\_prog\\git\\swapi_github\\node_modules\\express\\lib\\router\\index.js:174:3)\n    at router (d:\\gDrive\\_prog\\git\\swapi_github\\node_modules\\express\\lib\\router\\index.js:47:12)\n    at Layer.handle [as handle_request] (d:\\gDrive\\_prog\\git\\swapi_github\\node_modules\\express\\lib\\router\\layer.js:95:5)\n    at trim_prefix (d:\\gDrive\\_prog\\git\\swapi_github\\node_modules\\express\\lib\\router\\index.js:317:13)","level":"error","timestamp":"2017-11-17T16:54:54.077Z"}
{"message":"No default engine was specified and no extension was provided.","stack":"Error: No default engine was specified and no extension was provided.\n    at new View (d:\\gDrive\\_prog\\git\\swapi_github\\node_modules\\express\\lib\\view.js:61:11)\n    at Function.render (d:\\gDrive\\_prog\\git\\swapi_github\\node_modules\\express\\lib\\application.js:570:12)\n    at ServerResponse.render (d:\\gDrive\\_prog\\git\\swapi_github\\node_modules\\express\\lib\\response.js:1008:7)\n    at d:\\gDrive\\_prog\\git\\swapi_github\\app\\routesDir\\dir\\showTest.js:7:9\n    at d:\\gDrive\\_prog\\git\\swapi_github\\swapi\\init\\express-async-error.js:26:38\n    at Layer.handle [as handle_request] (d:\\gDrive\\_prog\\git\\swapi_github\\node_modules\\express\\lib\\router\\layer.js:95:5)\n    at next (d:\\gDrive\\_prog\\git\\swapi_github\\node_modules\\express\\lib\\router\\route.js:137:13)\n    at Route.dispatch (d:\\gDrive\\_prog\\git\\swapi_github\\node_modules\\express\\lib\\router\\route.js:112:3)\n    at Layer.handle [as handle_request] (d:\\gDrive\\_prog\\git\\swapi_github\\node_modules\\express\\lib\\router\\layer.js:95:5)\n    at d:\\gDrive\\_prog\\git\\swapi_github\\node_modules\\express\\lib\\router\\index.js:281:22\n    at Function.process_params (d:\\gDrive\\_prog\\git\\swapi_github\\node_modules\\express\\lib\\router\\index.js:335:12)\n    at next (d:\\gDrive\\_prog\\git\\swapi_github\\node_modules\\express\\lib\\router\\index.js:275:10)\n    at Function.handle (d:\\gDrive\\_prog\\git\\swapi_github\\node_modules\\express\\lib\\router\\index.js:174:3)\n    at router (d:\\gDrive\\_prog\\git\\swapi_github\\node_modules\\express\\lib\\router\\index.js:47:12)\n    at Layer.handle [as handle_request] (d:\\gDrive\\_prog\\git\\swapi_github\\node_modules\\express\\lib\\router\\layer.js:95:5)\n    at trim_prefix (d:\\gDrive\\_prog\\git\\swapi_github\\node_modules\\express\\lib\\router\\index.js:317:13)","level":"error","timestamp":"2017-11-17T16:55:14.028Z"}
{"message":"No default engine was specified and no extension was provided.","stack":"Error: No default engine was specified and no extension was provided.\n    at new View (d:\\gDrive\\_prog\\git\\swapi_github\\node_modules\\express\\lib\\view.js:61:11)\n    at Function.render (d:\\gDrive\\_prog\\git\\swapi_github\\node_modules\\express\\lib\\application.js:570:12)\n    at ServerResponse.render (d:\\gDrive\\_prog\\git\\swapi_github\\node_modules\\express\\lib\\response.js:1008:7)\n    at d:\\gDrive\\_prog\\git\\swapi_github\\app\\routesDir\\dir\\showTest.js:7:9\n    at d:\\gDrive\\_prog\\git\\swapi_github\\swapi\\init\\express-async-error.js:26:38\n    at Layer.handle [as handle_request] (d:\\gDrive\\_prog\\git\\swapi_github\\node_modules\\express\\lib\\router\\layer.js:95:5)\n    at next (d:\\gDrive\\_prog\\git\\swapi_github\\node_modules\\express\\lib\\router\\route.js:137:13)\n    at Route.dispatch (d:\\gDrive\\_prog\\git\\swapi_github\\node_modules\\express\\lib\\router\\route.js:112:3)\n    at Layer.handle [as handle_request] (d:\\gDrive\\_prog\\git\\swapi_github\\node_modules\\express\\lib\\router\\layer.js:95:5)\n    at d:\\gDrive\\_prog\\git\\swapi_github\\node_modules\\express\\lib\\router\\index.js:281:22\n    at Function.process_params (d:\\gDrive\\_prog\\git\\swapi_github\\node_modules\\express\\lib\\router\\index.js:335:12)\n    at next (d:\\gDrive\\_prog\\git\\swapi_github\\node_modules\\express\\lib\\router\\index.js:275:10)\n    at Function.handle (d:\\gDrive\\_prog\\git\\swapi_github\\node_modules\\express\\lib\\router\\index.js:174:3)\n    at router (d:\\gDrive\\_prog\\git\\swapi_github\\node_modules\\express\\lib\\router\\index.js:47:12)\n    at Layer.handle [as handle_request] (d:\\gDrive\\_prog\\git\\swapi_github\\node_modules\\express\\lib\\router\\layer.js:95:5)\n    at trim_prefix (d:\\gDrive\\_prog\\git\\swapi_github\\node_modules\\express\\lib\\router\\index.js:317:13)","level":"error","timestamp":"2017-11-17T16:55:37.723Z"}
{"message":"No default engine was specified and no extension was provided.","stack":"Error: No default engine was specified and no extension was provided.\n    at new View (d:\\gDrive\\_prog\\git\\swapi_github\\node_modules\\express\\lib\\view.js:61:11)\n    at Function.render (d:\\gDrive\\_prog\\git\\swapi_github\\node_modules\\express\\lib\\application.js:570:12)\n    at ServerResponse.render (d:\\gDrive\\_prog\\git\\swapi_github\\node_modules\\express\\lib\\response.js:1008:7)\n    at d:\\gDrive\\_prog\\git\\swapi_github\\app\\routesDir\\dir\\showTest.js:7:9\n    at d:\\gDrive\\_prog\\git\\swapi_github\\swapi\\init\\express-async-error.js:26:38\n    at Layer.handle [as handle_request] (d:\\gDrive\\_prog\\git\\swapi_github\\node_modules\\express\\lib\\router\\layer.js:95:5)\n    at next (d:\\gDrive\\_prog\\git\\swapi_github\\node_modules\\express\\lib\\router\\route.js:137:13)\n    at Route.dispatch (d:\\gDrive\\_prog\\git\\swapi_github\\node_modules\\express\\lib\\router\\route.js:112:3)\n    at Layer.handle [as handle_request] (d:\\gDrive\\_prog\\git\\swapi_github\\node_modules\\express\\lib\\router\\layer.js:95:5)\n    at d:\\gDrive\\_prog\\git\\swapi_github\\node_modules\\express\\lib\\router\\index.js:281:22\n    at Function.process_params (d:\\gDrive\\_prog\\git\\swapi_github\\node_modules\\express\\lib\\router\\index.js:335:12)\n    at next (d:\\gDrive\\_prog\\git\\swapi_github\\node_modules\\express\\lib\\router\\index.js:275:10)\n    at Function.handle (d:\\gDrive\\_prog\\git\\swapi_github\\node_modules\\express\\lib\\router\\index.js:174:3)\n    at router (d:\\gDrive\\_prog\\git\\swapi_github\\node_modules\\express\\lib\\router\\index.js:47:12)\n    at Layer.handle [as handle_request] (d:\\gDrive\\_prog\\git\\swapi_github\\node_modules\\express\\lib\\router\\layer.js:95:5)\n    at trim_prefix (d:\\gDrive\\_prog\\git\\swapi_github\\node_modules\\express\\lib\\router\\index.js:317:13)","level":"error","timestamp":"2017-11-17T16:56:41.201Z"}
{"message":"No default engine was specified and no extension was provided.","stack":"Error: No default engine was specified and no extension was provided.\n    at new View (d:\\gDrive\\_prog\\git\\swapi_github\\node_modules\\express\\lib\\view.js:61:11)\n    at Function.render (d:\\gDrive\\_prog\\git\\swapi_github\\node_modules\\express\\lib\\application.js:570:12)\n    at ServerResponse.render (d:\\gDrive\\_prog\\git\\swapi_github\\node_modules\\express\\lib\\response.js:1008:7)\n    at d:\\gDrive\\_prog\\git\\swapi_github\\app\\routesDir\\dir\\showTest.js:7:9\n    at d:\\gDrive\\_prog\\git\\swapi_github\\swapi\\init\\express-async-error.js:26:38\n    at Layer.handle [as handle_request] (d:\\gDrive\\_prog\\git\\swapi_github\\node_modules\\express\\lib\\router\\layer.js:95:5)\n    at next (d:\\gDrive\\_prog\\git\\swapi_github\\node_modules\\express\\lib\\router\\route.js:137:13)\n    at Route.dispatch (d:\\gDrive\\_prog\\git\\swapi_github\\node_modules\\express\\lib\\router\\route.js:112:3)\n    at Layer.handle [as handle_request] (d:\\gDrive\\_prog\\git\\swapi_github\\node_modules\\express\\lib\\router\\layer.js:95:5)\n    at d:\\gDrive\\_prog\\git\\swapi_github\\node_modules\\express\\lib\\router\\index.js:281:22\n    at Function.process_params (d:\\gDrive\\_prog\\git\\swapi_github\\node_modules\\express\\lib\\router\\index.js:335:12)\n    at next (d:\\gDrive\\_prog\\git\\swapi_github\\node_modules\\express\\lib\\router\\index.js:275:10)\n    at Function.handle (d:\\gDrive\\_prog\\git\\swapi_github\\node_modules\\express\\lib\\router\\index.js:174:3)\n    at router (d:\\gDrive\\_prog\\git\\swapi_github\\node_modules\\express\\lib\\router\\index.js:47:12)\n    at Layer.handle [as handle_request] (d:\\gDrive\\_prog\\git\\swapi_github\\node_modules\\express\\lib\\router\\layer.js:95:5)\n    at trim_prefix (d:\\gDrive\\_prog\\git\\swapi_github\\node_modules\\express\\lib\\router\\index.js:317:13)","level":"error","timestamp":"2017-11-17T16:56:42.115Z"}
{"message":"No default engine was specified and no extension was provided.","stack":"Error: No default engine was specified and no extension was provided.\n    at new View (d:\\gDrive\\_prog\\git\\swapi_github\\node_modules\\express\\lib\\view.js:61:11)\n    at Function.render (d:\\gDrive\\_prog\\git\\swapi_github\\node_modules\\express\\lib\\application.js:570:12)\n    at ServerResponse.render (d:\\gDrive\\_prog\\git\\swapi_github\\node_modules\\express\\lib\\response.js:1008:7)\n    at d:\\gDrive\\_prog\\git\\swapi_github\\app\\routesDir\\dir\\showTest.js:7:9\n    at d:\\gDrive\\_prog\\git\\swapi_github\\swapi\\init\\express-async-error.js:26:38\n    at Layer.handle [as handle_request] (d:\\gDrive\\_prog\\git\\swapi_github\\node_modules\\express\\lib\\router\\layer.js:95:5)\n    at next (d:\\gDrive\\_prog\\git\\swapi_github\\node_modules\\express\\lib\\router\\route.js:137:13)\n    at Route.dispatch (d:\\gDrive\\_prog\\git\\swapi_github\\node_modules\\express\\lib\\router\\route.js:112:3)\n    at Layer.handle [as handle_request] (d:\\gDrive\\_prog\\git\\swapi_github\\node_modules\\express\\lib\\router\\layer.js:95:5)\n    at d:\\gDrive\\_prog\\git\\swapi_github\\node_modules\\express\\lib\\router\\index.js:281:22\n    at Function.process_params (d:\\gDrive\\_prog\\git\\swapi_github\\node_modules\\express\\lib\\router\\index.js:335:12)\n    at next (d:\\gDrive\\_prog\\git\\swapi_github\\node_modules\\express\\lib\\router\\index.js:275:10)\n    at Function.handle (d:\\gDrive\\_prog\\git\\swapi_github\\node_modules\\express\\lib\\router\\index.js:174:3)\n    at router (d:\\gDrive\\_prog\\git\\swapi_github\\node_modules\\express\\lib\\router\\index.js:47:12)\n    at Layer.handle [as handle_request] (d:\\gDrive\\_prog\\git\\swapi_github\\node_modules\\express\\lib\\router\\layer.js:95:5)\n    at trim_prefix (d:\\gDrive\\_prog\\git\\swapi_github\\node_modules\\express\\lib\\router\\index.js:317:13)","level":"error","timestamp":"2017-11-17T17:01:18.341Z"}
{"message":"No default engine was specified and no extension was provided.","stack":"Error: No default engine was specified and no extension was provided.\n    at new View (d:\\gDrive\\_prog\\git\\swapi_github\\node_modules\\express\\lib\\view.js:61:11)\n    at Function.render (d:\\gDrive\\_prog\\git\\swapi_github\\node_modules\\express\\lib\\application.js:570:12)\n    at ServerResponse.render (d:\\gDrive\\_prog\\git\\swapi_github\\node_modules\\express\\lib\\response.js:1008:7)\n    at d:\\gDrive\\_prog\\git\\swapi_github\\app\\routesDir\\dir\\showTest.js:7:9\n    at d:\\gDrive\\_prog\\git\\swapi_github\\swapi\\init\\express-async-error.js:26:38\n    at Layer.handle [as handle_request] (d:\\gDrive\\_prog\\git\\swapi_github\\node_modules\\express\\lib\\router\\layer.js:95:5)\n    at next (d:\\gDrive\\_prog\\git\\swapi_github\\node_modules\\express\\lib\\router\\route.js:137:13)\n    at Route.dispatch (d:\\gDrive\\_prog\\git\\swapi_github\\node_modules\\express\\lib\\router\\route.js:112:3)\n    at Layer.handle [as handle_request] (d:\\gDrive\\_prog\\git\\swapi_github\\node_modules\\express\\lib\\router\\layer.js:95:5)\n    at d:\\gDrive\\_prog\\git\\swapi_github\\node_modules\\express\\lib\\router\\index.js:281:22\n    at Function.process_params (d:\\gDrive\\_prog\\git\\swapi_github\\node_modules\\express\\lib\\router\\index.js:335:12)\n    at next (d:\\gDrive\\_prog\\git\\swapi_github\\node_modules\\express\\lib\\router\\index.js:275:10)\n    at Function.handle (d:\\gDrive\\_prog\\git\\swapi_github\\node_modules\\express\\lib\\router\\index.js:174:3)\n    at router (d:\\gDrive\\_prog\\git\\swapi_github\\node_modules\\express\\lib\\router\\index.js:47:12)\n    at Layer.handle [as handle_request] (d:\\gDrive\\_prog\\git\\swapi_github\\node_modules\\express\\lib\\router\\layer.js:95:5)\n    at trim_prefix (d:\\gDrive\\_prog\\git\\swapi_github\\node_modules\\express\\lib\\router\\index.js:317:13)","level":"error","timestamp":"2017-11-17T17:01:48.722Z"}
{"message":"No default engine was specified and no extension was provided.","stack":"Error: No default engine was specified and no extension was provided.\n    at new View (d:\\gDrive\\_prog\\git\\swapi_github\\node_modules\\express\\lib\\view.js:61:11)\n    at Function.render (d:\\gDrive\\_prog\\git\\swapi_github\\node_modules\\express\\lib\\application.js:570:12)\n    at ServerResponse.render (d:\\gDrive\\_prog\\git\\swapi_github\\node_modules\\express\\lib\\response.js:1008:7)\n    at d:\\gDrive\\_prog\\git\\swapi_github\\app\\routesDir\\dir\\showTest.js:7:9\n    at d:\\gDrive\\_prog\\git\\swapi_github\\swapi\\init\\express-async-error.js:26:38\n    at Layer.handle [as handle_request] (d:\\gDrive\\_prog\\git\\swapi_github\\node_modules\\express\\lib\\router\\layer.js:95:5)\n    at next (d:\\gDrive\\_prog\\git\\swapi_github\\node_modules\\express\\lib\\router\\route.js:137:13)\n    at Route.dispatch (d:\\gDrive\\_prog\\git\\swapi_github\\node_modules\\express\\lib\\router\\route.js:112:3)\n    at Layer.handle [as handle_request] (d:\\gDrive\\_prog\\git\\swapi_github\\node_modules\\express\\lib\\router\\layer.js:95:5)\n    at d:\\gDrive\\_prog\\git\\swapi_github\\node_modules\\express\\lib\\router\\index.js:281:22\n    at Function.process_params (d:\\gDrive\\_prog\\git\\swapi_github\\node_modules\\express\\lib\\router\\index.js:335:12)\n    at next (d:\\gDrive\\_prog\\git\\swapi_github\\node_modules\\express\\lib\\router\\index.js:275:10)\n    at Function.handle (d:\\gDrive\\_prog\\git\\swapi_github\\node_modules\\express\\lib\\router\\index.js:174:3)\n    at router (d:\\gDrive\\_prog\\git\\swapi_github\\node_modules\\express\\lib\\router\\index.js:47:12)\n    at Layer.handle [as handle_request] (d:\\gDrive\\_prog\\git\\swapi_github\\node_modules\\express\\lib\\router\\layer.js:95:5)\n    at trim_prefix (d:\\gDrive\\_prog\\git\\swapi_github\\node_modules\\express\\lib\\router\\index.js:317:13)","level":"error","timestamp":"2017-11-17T17:02:49.467Z"}
{"message":"No default engine was specified and no extension was provided.","stack":"Error: No default engine was specified and no extension was provided.\n    at new View (d:\\gDrive\\_prog\\git\\swapi_github\\node_modules\\express\\lib\\view.js:61:11)\n    at Function.render (d:\\gDrive\\_prog\\git\\swapi_github\\node_modules\\express\\lib\\application.js:570:12)\n    at ServerResponse.render (d:\\gDrive\\_prog\\git\\swapi_github\\node_modules\\express\\lib\\response.js:1008:7)\n    at d:\\gDrive\\_prog\\git\\swapi_github\\app\\routesDir\\dir\\showTest.js:7:9\n    at d:\\gDrive\\_prog\\git\\swapi_github\\swapi\\init\\express-async-error.js:26:38\n    at Layer.handle [as handle_request] (d:\\gDrive\\_prog\\git\\swapi_github\\node_modules\\express\\lib\\router\\layer.js:95:5)\n    at next (d:\\gDrive\\_prog\\git\\swapi_github\\node_modules\\express\\lib\\router\\route.js:137:13)\n    at Route.dispatch (d:\\gDrive\\_prog\\git\\swapi_github\\node_modules\\express\\lib\\router\\route.js:112:3)\n    at Layer.handle [as handle_request] (d:\\gDrive\\_prog\\git\\swapi_github\\node_modules\\express\\lib\\router\\layer.js:95:5)\n    at d:\\gDrive\\_prog\\git\\swapi_github\\node_modules\\express\\lib\\router\\index.js:281:22\n    at Function.process_params (d:\\gDrive\\_prog\\git\\swapi_github\\node_modules\\express\\lib\\router\\index.js:335:12)\n    at next (d:\\gDrive\\_prog\\git\\swapi_github\\node_modules\\express\\lib\\router\\index.js:275:10)\n    at Function.handle (d:\\gDrive\\_prog\\git\\swapi_github\\node_modules\\express\\lib\\router\\index.js:174:3)\n    at router (d:\\gDrive\\_prog\\git\\swapi_github\\node_modules\\express\\lib\\router\\index.js:47:12)\n    at Layer.handle [as handle_request] (d:\\gDrive\\_prog\\git\\swapi_github\\node_modules\\express\\lib\\router\\layer.js:95:5)\n    at trim_prefix (d:\\gDrive\\_prog\\git\\swapi_github\\node_modules\\express\\lib\\router\\index.js:317:13)","level":"error","timestamp":"2017-11-17T17:04:08.251Z"}
{"message":"No default engine was specified and no extension was provided.","stack":"Error: No default engine was specified and no extension was provided.\n    at new View (d:\\gDrive\\_prog\\git\\swapi_github\\node_modules\\express\\lib\\view.js:61:11)\n    at Function.render (d:\\gDrive\\_prog\\git\\swapi_github\\node_modules\\express\\lib\\application.js:570:12)\n    at ServerResponse.render (d:\\gDrive\\_prog\\git\\swapi_github\\node_modules\\express\\lib\\response.js:1008:7)\n    at d:\\gDrive\\_prog\\git\\swapi_github\\app\\routesDir\\dir\\showTest.js:7:9\n    at d:\\gDrive\\_prog\\git\\swapi_github\\swapi\\init\\express-async-error.js:26:38\n    at Layer.handle [as handle_request] (d:\\gDrive\\_prog\\git\\swapi_github\\node_modules\\express\\lib\\router\\layer.js:95:5)\n    at next (d:\\gDrive\\_prog\\git\\swapi_github\\node_modules\\express\\lib\\router\\route.js:137:13)\n    at Route.dispatch (d:\\gDrive\\_prog\\git\\swapi_github\\node_modules\\express\\lib\\router\\route.js:112:3)\n    at Layer.handle [as handle_request] (d:\\gDrive\\_prog\\git\\swapi_github\\node_modules\\express\\lib\\router\\layer.js:95:5)\n    at d:\\gDrive\\_prog\\git\\swapi_github\\node_modules\\express\\lib\\router\\index.js:281:22\n    at Function.process_params (d:\\gDrive\\_prog\\git\\swapi_github\\node_modules\\express\\lib\\router\\index.js:335:12)\n    at next (d:\\gDrive\\_prog\\git\\swapi_github\\node_modules\\express\\lib\\router\\index.js:275:10)\n    at Function.handle (d:\\gDrive\\_prog\\git\\swapi_github\\node_modules\\express\\lib\\router\\index.js:174:3)\n    at router (d:\\gDrive\\_prog\\git\\swapi_github\\node_modules\\express\\lib\\router\\index.js:47:12)\n    at Layer.handle [as handle_request] (d:\\gDrive\\_prog\\git\\swapi_github\\node_modules\\express\\lib\\router\\layer.js:95:5)\n    at trim_prefix (d:\\gDrive\\_prog\\git\\swapi_github\\node_modules\\express\\lib\\router\\index.js:317:13)","level":"error","timestamp":"2017-11-17T17:05:26.610Z"}
{"message":"No default engine was specified and no extension was provided.","stack":"Error: No default engine was specified and no extension was provided.\n    at new View (d:\\gDrive\\_prog\\git\\swapi_github\\node_modules\\express\\lib\\view.js:61:11)\n    at Function.render (d:\\gDrive\\_prog\\git\\swapi_github\\node_modules\\express\\lib\\application.js:570:12)\n    at ServerResponse.render (d:\\gDrive\\_prog\\git\\swapi_github\\node_modules\\express\\lib\\response.js:1008:7)\n    at d:\\gDrive\\_prog\\git\\swapi_github\\app\\routesDir\\dir\\showTest.js:7:9\n    at d:\\gDrive\\_prog\\git\\swapi_github\\swapi\\init\\express-async-error.js:26:38\n    at Layer.handle [as handle_request] (d:\\gDrive\\_prog\\git\\swapi_github\\node_modules\\express\\lib\\router\\layer.js:95:5)\n    at next (d:\\gDrive\\_prog\\git\\swapi_github\\node_modules\\express\\lib\\router\\route.js:137:13)\n    at Route.dispatch (d:\\gDrive\\_prog\\git\\swapi_github\\node_modules\\express\\lib\\router\\route.js:112:3)\n    at Layer.handle [as handle_request] (d:\\gDrive\\_prog\\git\\swapi_github\\node_modules\\express\\lib\\router\\layer.js:95:5)\n    at d:\\gDrive\\_prog\\git\\swapi_github\\node_modules\\express\\lib\\router\\index.js:281:22\n    at Function.process_params (d:\\gDrive\\_prog\\git\\swapi_github\\node_modules\\express\\lib\\router\\index.js:335:12)\n    at next (d:\\gDrive\\_prog\\git\\swapi_github\\node_modules\\express\\lib\\router\\index.js:275:10)\n    at Function.handle (d:\\gDrive\\_prog\\git\\swapi_github\\node_modules\\express\\lib\\router\\index.js:174:3)\n    at router (d:\\gDrive\\_prog\\git\\swapi_github\\node_modules\\express\\lib\\router\\index.js:47:12)\n    at Layer.handle [as handle_request] (d:\\gDrive\\_prog\\git\\swapi_github\\node_modules\\express\\lib\\router\\layer.js:95:5)\n    at trim_prefix (d:\\gDrive\\_prog\\git\\swapi_github\\node_modules\\express\\lib\\router\\index.js:317:13)","level":"error","timestamp":"2017-11-17T17:07:17.547Z"}
{"message":"No default engine was specified and no extension was provided.","stack":"Error: No default engine was specified and no extension was provided.\n    at new View (d:\\gDrive\\_prog\\git\\swapi_github\\node_modules\\express\\lib\\view.js:61:11)\n    at Function.render (d:\\gDrive\\_prog\\git\\swapi_github\\node_modules\\express\\lib\\application.js:570:12)\n    at ServerResponse.render (d:\\gDrive\\_prog\\git\\swapi_github\\node_modules\\express\\lib\\response.js:1008:7)\n    at d:\\gDrive\\_prog\\git\\swapi_github\\app\\routesDir\\dir\\showTest.js:7:9\n    at d:\\gDrive\\_prog\\git\\swapi_github\\swapi\\init\\express-async-error.js:26:38\n    at Layer.handle [as handle_request] (d:\\gDrive\\_prog\\git\\swapi_github\\node_modules\\express\\lib\\router\\layer.js:95:5)\n    at next (d:\\gDrive\\_prog\\git\\swapi_github\\node_modules\\express\\lib\\router\\route.js:137:13)\n    at Route.dispatch (d:\\gDrive\\_prog\\git\\swapi_github\\node_modules\\express\\lib\\router\\route.js:112:3)\n    at Layer.handle [as handle_request] (d:\\gDrive\\_prog\\git\\swapi_github\\node_modules\\express\\lib\\router\\layer.js:95:5)\n    at d:\\gDrive\\_prog\\git\\swapi_github\\node_modules\\express\\lib\\router\\index.js:281:22\n    at Function.process_params (d:\\gDrive\\_prog\\git\\swapi_github\\node_modules\\express\\lib\\router\\index.js:335:12)\n    at next (d:\\gDrive\\_prog\\git\\swapi_github\\node_modules\\express\\lib\\router\\index.js:275:10)\n    at Function.handle (d:\\gDrive\\_prog\\git\\swapi_github\\node_modules\\express\\lib\\router\\index.js:174:3)\n    at router (d:\\gDrive\\_prog\\git\\swapi_github\\node_modules\\express\\lib\\router\\index.js:47:12)\n    at Layer.handle [as handle_request] (d:\\gDrive\\_prog\\git\\swapi_github\\node_modules\\express\\lib\\router\\layer.js:95:5)\n    at trim_prefix (d:\\gDrive\\_prog\\git\\swapi_github\\node_modules\\express\\lib\\router\\index.js:317:13)","level":"error","timestamp":"2017-11-17T17:10:32.489Z"}
{"message":"No default engine was specified and no extension was provided.","stack":"Error: No default engine was specified and no extension was provided.\n    at new View (d:\\gDrive\\_prog\\git\\swapi_github\\node_modules\\express\\lib\\view.js:61:11)\n    at Function.render (d:\\gDrive\\_prog\\git\\swapi_github\\node_modules\\express\\lib\\application.js:570:12)\n    at ServerResponse.render (d:\\gDrive\\_prog\\git\\swapi_github\\node_modules\\express\\lib\\response.js:1008:7)\n    at d:\\gDrive\\_prog\\git\\swapi_github\\app\\routesDir\\dir\\showTest.js:7:9\n    at d:\\gDrive\\_prog\\git\\swapi_github\\swapi\\init\\express-async-error.js:26:38\n    at Layer.handle [as handle_request] (d:\\gDrive\\_prog\\git\\swapi_github\\node_modules\\express\\lib\\router\\layer.js:95:5)\n    at next (d:\\gDrive\\_prog\\git\\swapi_github\\node_modules\\express\\lib\\router\\route.js:137:13)\n    at Route.dispatch (d:\\gDrive\\_prog\\git\\swapi_github\\node_modules\\express\\lib\\router\\route.js:112:3)\n    at Layer.handle [as handle_request] (d:\\gDrive\\_prog\\git\\swapi_github\\node_modules\\express\\lib\\router\\layer.js:95:5)\n    at d:\\gDrive\\_prog\\git\\swapi_github\\node_modules\\express\\lib\\router\\index.js:281:22\n    at Function.process_params (d:\\gDrive\\_prog\\git\\swapi_github\\node_modules\\express\\lib\\router\\index.js:335:12)\n    at next (d:\\gDrive\\_prog\\git\\swapi_github\\node_modules\\express\\lib\\router\\index.js:275:10)\n    at Function.handle (d:\\gDrive\\_prog\\git\\swapi_github\\node_modules\\express\\lib\\router\\index.js:174:3)\n    at router (d:\\gDrive\\_prog\\git\\swapi_github\\node_modules\\express\\lib\\router\\index.js:47:12)\n    at Layer.handle [as handle_request] (d:\\gDrive\\_prog\\git\\swapi_github\\node_modules\\express\\lib\\router\\layer.js:95:5)\n    at trim_prefix (d:\\gDrive\\_prog\\git\\swapi_github\\node_modules\\express\\lib\\router\\index.js:317:13)","level":"error","timestamp":"2017-11-17T17:13:52.314Z"}
{"message":"No default engine was specified and no extension was provided.","stack":"Error: No default engine was specified and no extension was provided.\n    at new View (d:\\gDrive\\_prog\\git\\swapi_github\\node_modules\\express\\lib\\view.js:61:11)\n    at Function.render (d:\\gDrive\\_prog\\git\\swapi_github\\node_modules\\express\\lib\\application.js:570:12)\n    at ServerResponse.render (d:\\gDrive\\_prog\\git\\swapi_github\\node_modules\\express\\lib\\response.js:1008:7)\n    at d:\\gDrive\\_prog\\git\\swapi_github\\app\\routesDir\\dir\\showTest.js:7:9\n    at d:\\gDrive\\_prog\\git\\swapi_github\\swapi\\init\\express-async-error.js:26:38\n    at Layer.handle [as handle_request] (d:\\gDrive\\_prog\\git\\swapi_github\\node_modules\\express\\lib\\router\\layer.js:95:5)\n    at next (d:\\gDrive\\_prog\\git\\swapi_github\\node_modules\\express\\lib\\router\\route.js:137:13)\n    at Route.dispatch (d:\\gDrive\\_prog\\git\\swapi_github\\node_modules\\express\\lib\\router\\route.js:112:3)\n    at Layer.handle [as handle_request] (d:\\gDrive\\_prog\\git\\swapi_github\\node_modules\\express\\lib\\router\\layer.js:95:5)\n    at d:\\gDrive\\_prog\\git\\swapi_github\\node_modules\\express\\lib\\router\\index.js:281:22\n    at Function.process_params (d:\\gDrive\\_prog\\git\\swapi_github\\node_modules\\express\\lib\\router\\index.js:335:12)\n    at next (d:\\gDrive\\_prog\\git\\swapi_github\\node_modules\\express\\lib\\router\\index.js:275:10)\n    at Function.handle (d:\\gDrive\\_prog\\git\\swapi_github\\node_modules\\express\\lib\\router\\index.js:174:3)\n    at router (d:\\gDrive\\_prog\\git\\swapi_github\\node_modules\\express\\lib\\router\\index.js:47:12)\n    at Layer.handle [as handle_request] (d:\\gDrive\\_prog\\git\\swapi_github\\node_modules\\express\\lib\\router\\layer.js:95:5)\n    at trim_prefix (d:\\gDrive\\_prog\\git\\swapi_github\\node_modules\\express\\lib\\router\\index.js:317:13)","level":"error","timestamp":"2017-11-17T17:14:24.307Z"}
{"message":"No default engine was specified and no extension was provided.","stack":"Error: No default engine was specified and no extension was provided.\n    at new View (d:\\gDrive\\_prog\\git\\swapi_github\\node_modules\\express\\lib\\view.js:61:11)\n    at Function.render (d:\\gDrive\\_prog\\git\\swapi_github\\node_modules\\express\\lib\\application.js:570:12)\n    at ServerResponse.render (d:\\gDrive\\_prog\\git\\swapi_github\\node_modules\\express\\lib\\response.js:1008:7)\n    at d:\\gDrive\\_prog\\git\\swapi_github\\app\\routesDir\\dir\\showTest.js:7:9\n    at d:\\gDrive\\_prog\\git\\swapi_github\\swapi\\init\\express-async-error.js:26:38\n    at Layer.handle [as handle_request] (d:\\gDrive\\_prog\\git\\swapi_github\\node_modules\\express\\lib\\router\\layer.js:95:5)\n    at next (d:\\gDrive\\_prog\\git\\swapi_github\\node_modules\\express\\lib\\router\\route.js:137:13)\n    at Route.dispatch (d:\\gDrive\\_prog\\git\\swapi_github\\node_modules\\express\\lib\\router\\route.js:112:3)\n    at Layer.handle [as handle_request] (d:\\gDrive\\_prog\\git\\swapi_github\\node_modules\\express\\lib\\router\\layer.js:95:5)\n    at d:\\gDrive\\_prog\\git\\swapi_github\\node_modules\\express\\lib\\router\\index.js:281:22\n    at Function.process_params (d:\\gDrive\\_prog\\git\\swapi_github\\node_modules\\express\\lib\\router\\index.js:335:12)\n    at next (d:\\gDrive\\_prog\\git\\swapi_github\\node_modules\\express\\lib\\router\\index.js:275:10)\n    at Function.handle (d:\\gDrive\\_prog\\git\\swapi_github\\node_modules\\express\\lib\\router\\index.js:174:3)\n    at router (d:\\gDrive\\_prog\\git\\swapi_github\\node_modules\\express\\lib\\router\\index.js:47:12)\n    at Layer.handle [as handle_request] (d:\\gDrive\\_prog\\git\\swapi_github\\node_modules\\express\\lib\\router\\layer.js:95:5)\n    at trim_prefix (d:\\gDrive\\_prog\\git\\swapi_github\\node_modules\\express\\lib\\router\\index.js:317:13)","level":"error","timestamp":"2017-11-17T17:18:42.019Z"}
{"message":"Error: ENOENT: no such file or directory, open 'd:\\gDrive\\_prog\\git\\swapi_github\\template.ejs'","stack":"Error: Error: ENOENT: no such file or directory, open 'd:\\gDrive\\_prog\\git\\swapi_github\\template.ejs'\n    at ServerResponse.renderView [as render] (d:\\gDrive\\_prog\\git\\swapi_github\\swapi\\init\\template.js:29:13)\n    at d:\\gDrive\\_prog\\git\\swapi_github\\app\\routesDir\\dir\\showTest.js:7:9\n    at d:\\gDrive\\_prog\\git\\swapi_github\\swapi\\init\\express-async-error.js:26:38\n    at Layer.handle [as handle_request] (d:\\gDrive\\_prog\\git\\swapi_github\\node_modules\\express\\lib\\router\\layer.js:95:5)\n    at next (d:\\gDrive\\_prog\\git\\swapi_github\\node_modules\\express\\lib\\router\\route.js:137:13)\n    at Route.dispatch (d:\\gDrive\\_prog\\git\\swapi_github\\node_modules\\express\\lib\\router\\route.js:112:3)\n    at Layer.handle [as handle_request] (d:\\gDrive\\_prog\\git\\swapi_github\\node_modules\\express\\lib\\router\\layer.js:95:5)\n    at d:\\gDrive\\_prog\\git\\swapi_github\\node_modules\\express\\lib\\router\\index.js:281:22\n    at Function.process_params (d:\\gDrive\\_prog\\git\\swapi_github\\node_modules\\express\\lib\\router\\index.js:335:12)\n    at next (d:\\gDrive\\_prog\\git\\swapi_github\\node_modules\\express\\lib\\router\\index.js:275:10)\n    at Function.handle (d:\\gDrive\\_prog\\git\\swapi_github\\node_modules\\express\\lib\\router\\index.js:174:3)\n    at router (d:\\gDrive\\_prog\\git\\swapi_github\\node_modules\\express\\lib\\router\\index.js:47:12)\n    at Layer.handle [as handle_request] (d:\\gDrive\\_prog\\git\\swapi_github\\node_modules\\express\\lib\\router\\layer.js:95:5)\n    at trim_prefix (d:\\gDrive\\_prog\\git\\swapi_github\\node_modules\\express\\lib\\router\\index.js:317:13)\n    at d:\\gDrive\\_prog\\git\\swapi_github\\node_modules\\express\\lib\\router\\index.js:284:7\n    at Function.process_params (d:\\gDrive\\_prog\\git\\swapi_github\\node_modules\\express\\lib\\router\\index.js:335:12)","level":"error","timestamp":"2017-11-17T17:40:53.516Z"}
{"message":"ReferenceError: ejs is not defined","stack":"Error: ReferenceError: ejs is not defined\n    at ServerResponse.renderView [as render] (d:\\gDrive\\_prog\\git\\swapi_github\\swapi\\init\\template.js:29:13)\n    at d:\\gDrive\\_prog\\git\\swapi_github\\app\\routesDir\\dir\\showTest.js:7:9\n    at d:\\gDrive\\_prog\\git\\swapi_github\\swapi\\init\\express-async-error.js:26:38\n    at Layer.handle [as handle_request] (d:\\gDrive\\_prog\\git\\swapi_github\\node_modules\\express\\lib\\router\\layer.js:95:5)\n    at next (d:\\gDrive\\_prog\\git\\swapi_github\\node_modules\\express\\lib\\router\\route.js:137:13)\n    at Route.dispatch (d:\\gDrive\\_prog\\git\\swapi_github\\node_modules\\express\\lib\\router\\route.js:112:3)\n    at Layer.handle [as handle_request] (d:\\gDrive\\_prog\\git\\swapi_github\\node_modules\\express\\lib\\router\\layer.js:95:5)\n    at d:\\gDrive\\_prog\\git\\swapi_github\\node_modules\\express\\lib\\router\\index.js:281:22\n    at Function.process_params (d:\\gDrive\\_prog\\git\\swapi_github\\node_modules\\express\\lib\\router\\index.js:335:12)\n    at next (d:\\gDrive\\_prog\\git\\swapi_github\\node_modules\\express\\lib\\router\\index.js:275:10)\n    at Function.handle (d:\\gDrive\\_prog\\git\\swapi_github\\node_modules\\express\\lib\\router\\index.js:174:3)\n    at router (d:\\gDrive\\_prog\\git\\swapi_github\\node_modules\\express\\lib\\router\\index.js:47:12)\n    at Layer.handle [as handle_request] (d:\\gDrive\\_prog\\git\\swapi_github\\node_modules\\express\\lib\\router\\layer.js:95:5)\n    at trim_prefix (d:\\gDrive\\_prog\\git\\swapi_github\\node_modules\\express\\lib\\router\\index.js:317:13)\n    at d:\\gDrive\\_prog\\git\\swapi_github\\node_modules\\express\\lib\\router\\index.js:284:7\n    at Function.process_params (d:\\gDrive\\_prog\\git\\swapi_github\\node_modules\\express\\lib\\router\\index.js:335:12)","level":"error","timestamp":"2017-11-17T17:41:19.198Z"}
{"message":"ejs:7\n    5| </head>\r\n    6| <body>\r\n >> 7|     <h1><%= message %></h1>\r\n    8| </body>\r\n    9| </html>\n\nmessage is not defined","stack":"ReferenceError: ejs:7\n    5| </head>\r\n    6| <body>\r\n >> 7|     <h1><%= message %></h1>\r\n    8| </body>\r\n    9| </html>\n\nmessage is not defined\n    at eval (eval at compile (d:\\gDrive\\_prog\\git\\swapi_github\\node_modules\\ejs\\lib\\ejs.js:549:12), <anonymous>:11:26)\n    at returnedFn (d:\\gDrive\\_prog\\git\\swapi_github\\node_modules\\ejs\\lib\\ejs.js:580:17)\n    at Object.exports.render (d:\\gDrive\\_prog\\git\\swapi_github\\node_modules\\ejs\\lib\\ejs.js:384:37)\n    at ServerResponse.renderView [as render] (d:\\gDrive\\_prog\\git\\swapi_github\\swapi\\init\\template.js:32:17)\n    at d:\\gDrive\\_prog\\git\\swapi_github\\app\\routesDir\\dir\\showTest.js:7:9\n    at d:\\gDrive\\_prog\\git\\swapi_github\\swapi\\init\\express-async-error.js:26:38\n    at Layer.handle [as handle_request] (d:\\gDrive\\_prog\\git\\swapi_github\\node_modules\\express\\lib\\router\\layer.js:95:5)\n    at next (d:\\gDrive\\_prog\\git\\swapi_github\\node_modules\\express\\lib\\router\\route.js:137:13)\n    at Route.dispatch (d:\\gDrive\\_prog\\git\\swapi_github\\node_modules\\express\\lib\\router\\route.js:112:3)\n    at Layer.handle [as handle_request] (d:\\gDrive\\_prog\\git\\swapi_github\\node_modules\\express\\lib\\router\\layer.js:95:5)\n    at d:\\gDrive\\_prog\\git\\swapi_github\\node_modules\\express\\lib\\router\\index.js:281:22\n    at Function.process_params (d:\\gDrive\\_prog\\git\\swapi_github\\node_modules\\express\\lib\\router\\index.js:335:12)\n    at next (d:\\gDrive\\_prog\\git\\swapi_github\\node_modules\\express\\lib\\router\\index.js:275:10)\n    at Function.handle (d:\\gDrive\\_prog\\git\\swapi_github\\node_modules\\express\\lib\\router\\index.js:174:3)\n    at router (d:\\gDrive\\_prog\\git\\swapi_github\\node_modules\\express\\lib\\router\\index.js:47:12)\n    at Layer.handle [as handle_request] (d:\\gDrive\\_prog\\git\\swapi_github\\node_modules\\express\\lib\\router\\layer.js:95:5)","path":"","level":"error","timestamp":"2017-11-17T17:41:44.742Z"}
{"message":"Could not find include include file.","stack":"Error: Could not find include include file.\n    at getIncludePath (d:\\gDrive\\_prog\\git\\swapi_github\\node_modules\\ejs\\lib\\ejs.js:152:13)\n    at includeSource (d:\\gDrive\\_prog\\git\\swapi_github\\node_modules\\ejs\\lib\\ejs.js:276:17)\n    at d:\\gDrive\\_prog\\git\\swapi_github\\node_modules\\ejs\\lib\\ejs.js:629:26\n    at Array.forEach (native)\n    at Template.generateSource (d:\\gDrive\\_prog\\git\\swapi_github\\node_modules\\ejs\\lib\\ejs.js:605:15)\n    at Template.compile (d:\\gDrive\\_prog\\git\\swapi_github\\node_modules\\ejs\\lib\\ejs.js:509:12)\n    at Object.compile (d:\\gDrive\\_prog\\git\\swapi_github\\node_modules\\ejs\\lib\\ejs.js:358:16)\n    at ServerResponse.renderView [as render] (d:\\gDrive\\_prog\\git\\swapi_github\\swapi\\init\\template.js:25:32)\n    at d:\\gDrive\\_prog\\git\\swapi_github\\app\\routesDir\\dir\\showTest.js:7:9\n    at d:\\gDrive\\_prog\\git\\swapi_github\\swapi\\init\\express-async-error.js:27:38\n    at Layer.handle [as handle_request] (d:\\gDrive\\_prog\\git\\swapi_github\\node_modules\\express\\lib\\router\\layer.js:95:5)\n    at next (d:\\gDrive\\_prog\\git\\swapi_github\\node_modules\\express\\lib\\router\\route.js:137:13)\n    at Route.dispatch (d:\\gDrive\\_prog\\git\\swapi_github\\node_modules\\express\\lib\\router\\route.js:112:3)\n    at Layer.handle [as handle_request] (d:\\gDrive\\_prog\\git\\swapi_github\\node_modules\\express\\lib\\router\\layer.js:95:5)\n    at d:\\gDrive\\_prog\\git\\swapi_github\\node_modules\\express\\lib\\router\\index.js:281:22\n    at Function.process_params (d:\\gDrive\\_prog\\git\\swapi_github\\node_modules\\express\\lib\\router\\index.js:335:12)","level":"error","timestamp":"2017-11-20T11:33:44.350Z"}
